<?xml version="1.0" encoding="UTF-8"?>
<testsuite name="AppTest" tests="2" skipped="0" failures="0" errors="0" timestamp="2016-04-22T20:47:24" hostname="Liams-MacBook-Air.local" time="1.309">
  <properties/>
  <testcase name="rootTest" classname="AppTest" time="1.109"/>
  <testcase name="ReturnVowelSub" classname="AppTest" time="0.189"/>
  <system-out><![CDATA[Th-s -s - t-st str-ng, -t sh--ld w-rk n-w
]]></system-out>
  <system-err><![CDATA[[Thread-4] INFO org.eclipse.jetty.util.log - Logging initialized @2260ms
[Thread-4] INFO spark.webserver.JettySparkServer - == Spark has ignited ...
[Thread-4] INFO spark.webserver.JettySparkServer - >> Listening on 0.0.0.0:4567
[Thread-4] INFO org.eclipse.jetty.server.Server - jetty-9.3.2.v20150730
[Thread-4] INFO org.eclipse.jetty.server.ServerConnector - Started ServerConnector@715ae655{HTTP/1.1,[http/1.1]}{0.0.0.0:4567}
[Thread-4] INFO org.eclipse.jetty.server.Server - Started @2596ms
[Test worker] INFO spark.webserver.JettySparkServer - >>> Spark shutting down ...
[Test worker] INFO org.eclipse.jetty.server.ServerConnector - Stopped ServerConnector@715ae655{HTTP/1.1,[http/1.1]}{0.0.0.0:4567}
[Test worker] INFO spark.webserver.JettySparkServer - done
]]></system-err>
</testsuite>
