<?xml version="1.0" encoding="UTF-8"?>
<testsuite name="SubVowelTest" tests="6" skipped="0" failures="0" errors="0" timestamp="2016-05-05T02:59:43" hostname="Liams-Air.hsd1.or.comcast.net" time="0.002">
  <properties/>
  <testcase name="returnVowelSub_ReturnsInputVowelsWithDash_String" classname="SubVowelTest" time="0.0"/>
  <testcase name="returnHint_decodesFirstWordOnly_String" classname="SubVowelTest" time="0.0"/>
  <testcase name="returnVowelSub_replaceVowelWithDash_String" classname="SubVowelTest" time="0.0"/>
  <testcase name="returnHint_returnsFirstWordNormally_String" classname="SubVowelTest" time="0.0"/>
  <testcase name="returnInputString_ReturnsSameInput_String" classname="SubVowelTest" time="0.001"/>
  <testcase name="returnVowelSub_IsCaseInsensitive_String" classname="SubVowelTest" time="0.0"/>
  <system-out><![CDATA[]]></system-out>
  <system-err><![CDATA[]]></system-err>
</testsuite>
