<?xml version="1.0" encoding="UTF-8"?>
<testsuite name="SubVowelTest" tests="2" skipped="0" failures="0" errors="0" timestamp="2016-04-22T16:54:51" hostname="Liams-MacBook-Air.local" time="0.003">
  <properties/>
  <testcase name="doesSubVowel_ReturnString" classname="SubVowelTest" time="0.002"/>
  <testcase name="doesSubVowel_ReturnsSameInputString" classname="SubVowelTest" time="0.0"/>
  <system-out><![CDATA[]]></system-out>
  <system-err><![CDATA[]]></system-err>
</testsuite>
